# JRE version: OpenJDK Runtime Environment Temurin-21.0.7+6 (21.0.7+6) (build 21.0.7+6-LTS)
# Java VM: OpenJDK 64-Bit Server VM Temurin-21.0.7+6 (21.0.7+6-LTS, mixed mode, sharing, tiered, compressed oops, compressed class ptrs, g1 gc, windows-amd64)
GC Precious Log:
 CardTable entry size: 512
 Card Set container configuration: InlinePtr #cards 5 size 8 Array Of Cards #cards 12 size 40 Howl #buckets 4 coarsen threshold 1843 Howl Bitmap #cards 512 size 80 coarsen threshold 460 Card regions per heap region 1 cards per card region 2048
 CPUs: 12 total, 12 available
 Memory: 7876M
 Large Page Support: Disabled
 NUMA Support: Disabled
 Compressed Oops: Enabled (32-bit)
 Heap Region Size: 1M
 Heap Min Capacity: 8M
 Heap Initial Capacity: 124M
 Heap Max Capacity: 1970M
 Pre-touch: Disabled
 Parallel Workers: 10
 Concurrent Workers: 3
 Concurrent Refinement Workers: 10
 Periodic GC: Disabled
Heap:
 garbage-first heap   total 126976K, used 30426K [0x0000000084e00000, 0x0000000100000000)
  region size 1024K, 27 young (27648K), 7 survivors (7168K)
 Metaspace       used 18979K, committed 19264K, reserved 1114112K
  class space    used 2132K, committed 2240K, reserved 1048576K
GC Heap History (6 events):
Event: 4.960 GC heap before
{Heap before GC invocations=0 (full 0):
 garbage-first heap   total 126976K, used 22528K [0x0000000084e00000, 0x0000000100000000)
  region size 1024K, 23 young (23552K), 0 survivors (0K)
 Metaspace       used 7464K, committed 7616K, reserved 1114112K
  class space    used 846K, committed 960K, reserved 1048576K
}
Event: 4.975 GC heap after
{Heap after GC invocations=1 (full 0):
 garbage-first heap   total 126976K, used 4256K [0x0000000084e00000, 0x0000000100000000)
  region size 1024K, 3 young (3072K), 3 survivors (3072K)
 Metaspace       used 7464K, committed 7616K, reserved 1114112K
  class space    used 846K, committed 960K, reserved 1048576K
}
Event: 6.092 GC heap before
{Heap before GC invocations=1 (full 0):
 garbage-first heap   total 126976K, used 33952K [0x0000000084e00000, 0x0000000100000000)
  region size 1024K, 32 young (32768K), 3 survivors (3072K)
 Metaspace       used 11256K, committed 11456K, reserved 1114112K
  class space    used 1289K, committed 1408K, reserved 1048576K
}
Event: 6.105 GC heap after
{Heap after GC invocations=2 (full 0):
 garbage-first heap   total 126976K, used 5880K [0x0000000084e00000, 0x0000000100000000)
  region size 1024K, 2 young (2048K), 2 survivors (2048K)
 Metaspace       used 11256K, committed 11456K, reserved 1114112K
  class space    used 1289K, committed 1408K, reserved 1048576K
}
Event: 11.733 GC heap before
{Heap before GC invocations=2 (full 0):
 garbage-first heap   total 126976K, used 79608K [0x0000000084e00000, 0x0000000100000000)
  region size 1024K, 74 young (75776K), 2 survivors (2048K)
 Metaspace       used 18225K, committed 18496K, reserved 1114112K
  class space    used 2067K, committed 2176K, reserved 1048576K
}
Event: 11.756 GC heap after
{Heap after GC invocations=3 (full 0):
 garbage-first heap   total 126976K, used 10970K [0x0000000084e00000, 0x0000000100000000)
  region size 1024K, 7 young (7168K), 7 survivors (7168K)
 Metaspace       used 18225K, committed 18496K, reserved 1114112K
  class space    used 2067K, committed 2176K, reserved 1048576K
}

