<?xml version="1.0" encoding="UTF-8"?>
<testng-results ignored="0" total="1" passed="1" failed="0" skipped="0">
  <reporter-output>
  </reporter-output>
  <suite started-at="2026-05-19T17:53:15Z" name="Default suite" finished-at="2026-05-19T17:57:49Z" duration-ms="274460">
    <groups>
    </groups>
    <test started-at="2026-05-19T17:53:15Z" name="Default test" finished-at="2026-05-19T17:57:49Z" duration-ms="274460">
      <class name="com.testautomation.TestRunner.TestRunner">
        <test-method is-config="true" signature="setUpClass()[pri:0, instance:com.testautomation.TestRunner.TestRunner@333d4a8c]" started-at="2026-05-19T17:53:15Z" name="setUpClass" finished-at="2026-05-19T17:53:17Z" duration-ms="1800" status="PASS">
          <reporter-output>
          </reporter-output>
        </test-method> <!-- setUpClass -->
        <test-method signature="feature(cucumber.api.testng.PickleEventWrapper, cucumber.api.testng.CucumberFeatureWrapper)[pri:0, instance:com.testautomation.TestRunner.TestRunner@333d4a8c]" started-at="2026-05-19T17:53:18Z" name="feature" data-provider="features" finished-at="2026-05-19T17:56:44Z" duration-ms="206781" status="PASS">
          <params>
            <param index="0">
              <value>
                <![CDATA["Login, validate Saucedemo website & add a product till Payement tab"]]>
              </value>
            </param>
            <param index="1">
              <value>
                <![CDATA["Validate AbmTest Web Site"]]>
              </value>
            </param>
          </params>
          <reporter-output>
          </reporter-output>
        </test-method> <!-- feature -->
        <test-method is-config="true" signature="tearDownClass()[pri:0, instance:com.testautomation.TestRunner.TestRunner@333d4a8c]" started-at="2026-05-19T17:56:45Z" name="tearDownClass" finished-at="2026-05-19T17:57:49Z" duration-ms="64279" status="PASS">
          <reporter-output>
          </reporter-output>
        </test-method> <!-- tearDownClass -->
      </class> <!-- com.testautomation.TestRunner.TestRunner -->
    </test> <!-- Default test -->
  </suite> <!-- Default suite -->
</testng-results>
